Arguments: 
  C:\Program Files\nodejs\node.exe C:\Users\jungdo\AppData\Roaming\npm\node_modules\yarn\bin\yarn.js add @slacks/bolt

PATH: 
  C:\Program Files\Java\jdk1.8.0_66\bin;C:\WINDOWS\system32;C:\WINDOWS;C:\WINDOWS\System32\Wbem;C:\WINDOWS\System32\WindowsPowerShell\v1.0\;C:\WINDOWS\System32\OpenSSH\;C:\Gradle\gradle-7.3\bin;C:\Program Files\Git\cmd;%APPDATA%\Python\Scripts;C:\Users\jungdo\AppData\Roaming\pypoetry\venv\Scripts;C:\Users\jungdo\AppData\Roaming\nvm;C:\Program Files\nodejs;C:\Program Files\nodejs\;C:\Program Files\PuTTY\;C:\Program Files\Docker\Docker\resources\bin;C:\Users\jungdo\AppData\Local\Microsoft\WindowsApps;C:\Program Files\Bandizip\;C:\Users\jungdo\AppData\Local\Programs\Microsoft VS Code\bin;C:\Program Files (x86)\SoftForum\XecureHSM\;C:\Users\jungdo\AppData\Roaming\npm;C:\Users\jungdo\AppData\Local\GitHubDesktop\bin;C:\Users\jungdo\AppData\Roaming\nvm;C:\Program Files\nodejs;C:\Program Files\JetBrains\IntelliJ IDEA 2022.3.2\bin;

Yarn version: 
  1.22.19

Node version: 
  16.18.1

Platform: 
  win32 x64

Trace: 
  Error: https://registry.yarnpkg.com/@slacks%2fbolt: Not found
      at Request.params.callback [as _callback] (C:\Users\jungdo\AppData\Roaming\npm\node_modules\yarn\lib\cli.js:66145:18)
      at Request.self.callback (C:\Users\jungdo\AppData\Roaming\npm\node_modules\yarn\lib\cli.js:140890:22)
      at Request.emit (node:events:513:28)
      at Request.<anonymous> (C:\Users\jungdo\AppData\Roaming\npm\node_modules\yarn\lib\cli.js:141862:10)
      at Request.emit (node:events:513:28)
      at IncomingMessage.<anonymous> (C:\Users\jungdo\AppData\Roaming\npm\node_modules\yarn\lib\cli.js:141784:12)
      at Object.onceWrapper (node:events:627:28)
      at IncomingMessage.emit (node:events:525:35)
      at endReadableNT (node:internal/streams/readable:1358:12)
      at processTicksAndRejections (node:internal/process/task_queues:83:21)

npm manifest: 
  {
    "name": "first-bolt-app",
    "version": "1.0.0",
    "description": "first-bolt-app for bot",
    "main": "index.ts",
    "scripts": {
      "test": "test"
    },
    "keywords": [
      "bolt",
      "slack",
      "bot"
    ],
    "author": "ohe1013",
    "license": "MIT"
  }

yarn manifest: 
  No manifest

Lockfile: 
  No lockfile
